<?xml version="1.0" encoding="UTF-8"?>
<robot generator="Robot 6.1.1 (Python 3.12.0 on win32)" generated="20231126 22:58:37.972" rpa="false" schemaversion="4">
<suite id="s1" name="US001" source="c:\Users\hasba\OneDrive\Masaüstü\robot framework_examp\SeleniumTestler\tests\US001.robot">
<test id="s1-t1" name="Test 001" line="10">
<kw name="Anasayfaya ${BROWSER} Ile Git" library="keywords" sourcename="Anasayfaya ${BROWSER} Ile Git">
<doc>Parametre olarak gonderilen browser ile anasayfaya gider
Parametre gonderilmez ise default olarak chrome calisir</doc>
<msg timestamp="20231126 22:58:38.316" level="FAIL">Variable '${BROWSER}' not found.</msg>
<status status="FAIL" starttime="20231126 22:58:38.315" endtime="20231126 22:58:38.319"/>
</kw>
<kw name="Yeni Uyelik Olustur" library="keywords">
<doc>Yeni bir uyelik olusturmaya yarar.
Parametre olarak Dictionary gondermek gerekir</doc>
<status status="NOT RUN" starttime="20231126 22:58:38.322" endtime="20231126 22:58:38.323"/>
</kw>
<kw name="Sleep" library="BuiltIn">
<arg>5</arg>
<doc>Pauses the test executed for the given time.</doc>
<status status="NOT RUN" starttime="20231126 22:58:38.325" endtime="20231126 22:58:38.325"/>
</kw>
<status status="FAIL" starttime="20231126 22:58:38.313" endtime="20231126 22:58:38.328">Variable '${BROWSER}' not found.</status>
</test>
<status status="FAIL" starttime="20231126 22:58:37.980" endtime="20231126 22:58:38.334"/>
</suite>
<statistics>
<total>
<stat pass="0" fail="1" skip="0">All Tests</stat>
</total>
<tag>
</tag>
<suite>
<stat pass="0" fail="1" skip="0" id="s1" name="US001">US001</stat>
</suite>
</statistics>
<errors>
<msg timestamp="20231126 22:58:38.301" level="ERROR">Error in file 'c:\Users\hasba\OneDrive\Masaüstü\robot framework_examp\SeleniumTestler\resources\keywords.resource' on line 4: Importing library 'FakerLibrary' failed: ModuleNotFoundError: No module named 'pkg_resources'
Traceback (most recent call last):
  File "C:\Users\hasba\AppData\Local\Programs\Python\Python312\Lib\site-packages\FakerLibrary\__init__.py", line 1, in &lt;module&gt;
    import pkg_resources
PYTHONPATH:
  c:\Users\hasba\.vscode\extensions\robocorp.robotframework-lsp-1.11.0\src\robotframework_debug_adapter
  C:\Users\hasba\OneDrive\Masaüstü\robot framework_examp
  c:\Users\hasba\.vscode\extensions\robocorp.robotframework-lsp-1.11.0\src
  c:\Users\hasba\.vscode\extensions\robocorp.robotframework-lsp-1.11.0\src\robotframework_ls\vendored
  C:\Users\hasba\AppData\Local\Programs\Python\Python312\python312.zip
  C:\Users\hasba\AppData\Local\Programs\Python\Python312\DLLs
  C:\Users\hasba\AppData\Local\Programs\Python\Python312\Lib
  C:\Users\hasba\AppData\Local\Programs\Python\Python312
  C:\Users\hasba\AppData\Local\Programs\Python\Python312\Lib\site-packages</msg>
</errors>
</robot>
